<?xml version="1.0" encoding="UTF-8" ?>
<testsuite tests="0" failures="0" name="TestSuite" time="0" errors="0" skipped="0">
  <properties>
    <property name="idea.version" value="2022.2.3"/>
    <property name="java.runtime.name" value="OpenJDK Runtime Environment"/>
    <property name="java.vm.version" value="17.0.7+7"/>
    <property name="sun.boot.library.path" value="C:\Users\shirokikh\.gradle\jdks\adoptium-17-x64-hotspot-windows\bin"/>
    <property name="maven.multiModuleProjectDirectory" value="C:\Users\shirokikh\Documents\autot"/>
    <property name="java.vm.vendor" value="Eclipse Adoptium"/>
    <property name="java.vendor.url" value="https://adoptium.net/"/>
    <property name="guice.disable.misplaced.annotation.check" value="true"/>
    <property name="path.separator" value=";"/>
    <property name="java.vm.name" value="OpenJDK 64-Bit Server VM"/>
    <property name="sun.os.patch.level" value=""/>
    <property name="user.script" value=""/>
    <property name="user.country" value="RU"/>
    <property name="sun.java.launcher" value="SUN_STANDARD"/>
    <property name="java.vm.specification.name" value="Java Virtual Machine Specification"/>
    <property name="user.dir" value="C:\Users\shirokikh\Documents\autot"/>
    <property name="java.vm.compressedOopsMode" value="32-bit"/>
    <property name="java.runtime.version" value="17.0.7+7"/>
    <property name="os.arch" value="amd64"/>
    <property name="java.io.tmpdir" value="C:\Users\SHIROK~1\AppData\Local\Temp\"/>
    <property name="line.separator" value="
"/>
    <property name="java.vm.specification.vendor" value="Oracle Corporation"/>
    <property name="user.variant" value=""/>
    <property name="os.name" value="Windows 10"/>
    <property name="maven.ext.class.path" value="C:\Program Files (x86)\JetBrains\IntelliJ IDEA 2022.2.3\plugins\maven\lib\maven-event-listener.jar"/>
    <property name="classworlds.conf" value="C:\Program Files (x86)\JetBrains\IntelliJ IDEA 2022.2.3\plugins\maven\lib\maven3\bin\m2.conf"/>
    <property name="sun.jnu.encoding" value="Cp1251"/>
    <property name="java.library.path" value="C:\Users\shirokikh\.gradle\jdks\adoptium-17-x64-hotspot-windows\bin;C:\WINDOWS\Sun\Java\bin;C:\WINDOWS\system32;C:\WINDOWS;C:\Program Files (x86)\Common Files\Oracle\Java\javapath;C:\Program Files\BellSoft\LibericaJDK-11\bin\;C:\Oracle\product\11.2.0.4\client_1\bin;C:\WINDOWS\system32;C:\WINDOWS;C:\WINDOWS\System32\Wbem;C:\WINDOWS\System32\WindowsPowerShell\v1.0\;C:\Program Files\Aladdin\eToken\PKIClient\x32;C:\Program Files\Aladdin\eToken\PKIClient\x64;C:\Program Files\Git\cmd;C:\Program Files\PuTTY\;C:\ProgramData\apache-jmeter-5.4.3\lib\postgresql-42.5.0.jar;C:\Program Files\Docker\Docker\resources\bin;C:\Gradle\gradle-8.1.1\bin;C:\Program Files\nodejs\;C:\Users\shirokikh\AppData\Local\Microsoft\WindowsApps;C:\Users\shirokikh\kuber;C:\ProgramData\apache-jmeter-5.4.3\lib\postgresql-42.5.0.jar;C:\Users\shirokikh\AppData\Local\JetBrains\IntelliJ IDEA 2022.3.1\bin;;C:\Users\shirokikh\AppData\Roaming\npm;."/>
    <property name="maven.conf" value="C:\Program Files (x86)\JetBrains\IntelliJ IDEA 2022.2.3\plugins\maven\lib\maven3/conf"/>
    <property name="jdk.debug" value="release"/>
    <property name="java.class.version" value="61.0"/>
    <property name="java.specification.name" value="Java Platform API Specification"/>
    <property name="sun.management.compiler" value="HotSpot 64-Bit Tiered Compilers"/>
    <property name="os.version" value="10.0"/>
    <property name="user.home" value="C:\Users\shirokikh"/>
    <property name="user.timezone" value="Asia/Novosibirsk"/>
    <property name="file.encoding" value="UTF-8"/>
    <property name="java.specification.version" value="17"/>
    <property name="user.name" value="shirokikh"/>
    <property name="java.class.path" value="C:\Program Files (x86)\JetBrains\IntelliJ IDEA 2022.2.3\plugins\maven\lib\maven3\boot\plexus-classworlds-2.6.0.jar;C:\Program Files (x86)\JetBrains\IntelliJ IDEA 2022.2.3\plugins\maven\lib\maven3\boot\plexus-classworlds.license"/>
    <property name="java.vm.specification.version" value="17"/>
    <property name="sun.arch.data.model" value="64"/>
    <property name="sun.java.command" value="org.codehaus.classworlds.Launcher -Didea.version=2022.2.3 deploy"/>
    <property name="java.home" value="C:\Users\shirokikh\.gradle\jdks\adoptium-17-x64-hotspot-windows"/>
    <property name="user.language" value="ru"/>
    <property name="java.specification.vendor" value="Oracle Corporation"/>
    <property name="java.vm.info" value="mixed mode, sharing"/>
    <property name="java.version" value="17.0.7"/>
    <property name="native.encoding" value="Cp1251"/>
    <property name="java.vendor" value="Eclipse Adoptium"/>
    <property name="maven.home" value="C:\Program Files (x86)\JetBrains\IntelliJ IDEA 2022.2.3\plugins\maven\lib\maven3"/>
    <property name="file.separator" value="\"/>
    <property name="java.version.date" value="2023-04-18"/>
    <property name="java.vendor.url.bug" value="https://github.com/adoptium/adoptium-support/issues"/>
    <property name="sun.io.unicode.encoding" value="UnicodeLittle"/>
    <property name="sun.cpu.endian" value="little"/>
    <property name="java.vendor.version" value="Temurin-17.0.7+7"/>
    <property name="sun.cpu.isalist" value="amd64"/>
  </properties>
</testsuite>